2022-01-17T11:52:49,072 - CPUUtilization.Percent:0.0|#Level:Host|#hostname:JesperPC,timestamp:1642416769
2022-01-17T11:52:49,077 - DiskAvailable.Gigabytes:228.7987060546875|#Level:Host|#hostname:JesperPC,timestamp:1642416769
2022-01-17T11:52:49,077 - DiskUsage.Gigabytes:9.368156433105469|#Level:Host|#hostname:JesperPC,timestamp:1642416769
2022-01-17T11:52:49,082 - DiskUtilization.Percent:3.9|#Level:Host|#hostname:JesperPC,timestamp:1642416769
2022-01-17T11:52:49,095 - MemoryAvailable.Megabytes:4504.01953125|#Level:Host|#hostname:JesperPC,timestamp:1642416769
2022-01-17T11:52:49,109 - MemoryUsed.Megabytes:1318.01953125|#Level:Host|#hostname:JesperPC,timestamp:1642416769
2022-01-17T11:52:49,109 - MemoryUtilization.Percent:26.0|#Level:Host|#hostname:JesperPC,timestamp:1642416769
2022-01-17T11:53:49,034 - CPUUtilization.Percent:0.0|#Level:Host|#hostname:JesperPC,timestamp:1642416829
2022-01-17T11:53:49,035 - DiskAvailable.Gigabytes:228.7986946105957|#Level:Host|#hostname:JesperPC,timestamp:1642416829
2022-01-17T11:53:49,035 - DiskUsage.Gigabytes:9.368167877197266|#Level:Host|#hostname:JesperPC,timestamp:1642416829
2022-01-17T11:53:49,035 - DiskUtilization.Percent:3.9|#Level:Host|#hostname:JesperPC,timestamp:1642416829
2022-01-17T11:53:49,036 - MemoryAvailable.Megabytes:4487.484375|#Level:Host|#hostname:JesperPC,timestamp:1642416829
2022-01-17T11:53:49,036 - MemoryUsed.Megabytes:1334.578125|#Level:Host|#hostname:JesperPC,timestamp:1642416829
2022-01-17T11:53:49,036 - MemoryUtilization.Percent:26.3|#Level:Host|#hostname:JesperPC,timestamp:1642416829
2022-01-17T11:54:49,048 - CPUUtilization.Percent:0.0|#Level:Host|#hostname:JesperPC,timestamp:1642416889
2022-01-17T11:54:49,049 - DiskAvailable.Gigabytes:228.7986831665039|#Level:Host|#hostname:JesperPC,timestamp:1642416889
2022-01-17T11:54:49,050 - DiskUsage.Gigabytes:9.368179321289062|#Level:Host|#hostname:JesperPC,timestamp:1642416889
2022-01-17T11:54:49,050 - DiskUtilization.Percent:3.9|#Level:Host|#hostname:JesperPC,timestamp:1642416889
2022-01-17T11:54:49,051 - MemoryAvailable.Megabytes:4482.44140625|#Level:Host|#hostname:JesperPC,timestamp:1642416889
2022-01-17T11:54:49,051 - MemoryUsed.Megabytes:1339.6171875|#Level:Host|#hostname:JesperPC,timestamp:1642416889
2022-01-17T11:54:49,052 - MemoryUtilization.Percent:26.4|#Level:Host|#hostname:JesperPC,timestamp:1642416889
2022-01-17T11:55:49,062 - CPUUtilization.Percent:0.0|#Level:Host|#hostname:JesperPC,timestamp:1642416949
2022-01-17T11:55:49,064 - DiskAvailable.Gigabytes:228.79867553710938|#Level:Host|#hostname:JesperPC,timestamp:1642416949
2022-01-17T11:55:49,064 - DiskUsage.Gigabytes:9.368186950683594|#Level:Host|#hostname:JesperPC,timestamp:1642416949
2022-01-17T11:55:49,065 - DiskUtilization.Percent:3.9|#Level:Host|#hostname:JesperPC,timestamp:1642416949
2022-01-17T11:55:49,065 - MemoryAvailable.Megabytes:4474.8515625|#Level:Host|#hostname:JesperPC,timestamp:1642416949
2022-01-17T11:55:49,066 - MemoryUsed.Megabytes:1347.21484375|#Level:Host|#hostname:JesperPC,timestamp:1642416949
2022-01-17T11:55:49,066 - MemoryUtilization.Percent:26.5|#Level:Host|#hostname:JesperPC,timestamp:1642416949
2022-01-17T11:56:49,028 - CPUUtilization.Percent:0.0|#Level:Host|#hostname:JesperPC,timestamp:1642417009
2022-01-17T11:56:49,029 - DiskAvailable.Gigabytes:228.79865646362305|#Level:Host|#hostname:JesperPC,timestamp:1642417009
2022-01-17T11:56:49,029 - DiskUsage.Gigabytes:9.368206024169922|#Level:Host|#hostname:JesperPC,timestamp:1642417009
2022-01-17T11:56:49,030 - DiskUtilization.Percent:3.9|#Level:Host|#hostname:JesperPC,timestamp:1642417009
2022-01-17T11:56:49,030 - MemoryAvailable.Megabytes:4421.3671875|#Level:Host|#hostname:JesperPC,timestamp:1642417009
2022-01-17T11:56:49,030 - MemoryUsed.Megabytes:1400.4453125|#Level:Host|#hostname:JesperPC,timestamp:1642417009
2022-01-17T11:56:49,030 - MemoryUtilization.Percent:27.4|#Level:Host|#hostname:JesperPC,timestamp:1642417009
2022-01-17T11:57:49,073 - CPUUtilization.Percent:0.0|#Level:Host|#hostname:JesperPC,timestamp:1642417069
2022-01-17T11:57:49,073 - DiskAvailable.Gigabytes:228.79864501953125|#Level:Host|#hostname:JesperPC,timestamp:1642417069
2022-01-17T11:57:49,074 - DiskUsage.Gigabytes:9.368217468261719|#Level:Host|#hostname:JesperPC,timestamp:1642417069
2022-01-17T11:57:49,074 - DiskUtilization.Percent:3.9|#Level:Host|#hostname:JesperPC,timestamp:1642417069
2022-01-17T11:57:49,075 - MemoryAvailable.Megabytes:4629.46484375|#Level:Host|#hostname:JesperPC,timestamp:1642417069
2022-01-17T11:57:49,076 - MemoryUsed.Megabytes:1192.33984375|#Level:Host|#hostname:JesperPC,timestamp:1642417069
2022-01-17T11:57:49,076 - MemoryUtilization.Percent:24.0|#Level:Host|#hostname:JesperPC,timestamp:1642417069
2022-01-17T11:58:49,052 - CPUUtilization.Percent:0.0|#Level:Host|#hostname:JesperPC,timestamp:1642417129
2022-01-17T11:58:49,053 - DiskAvailable.Gigabytes:228.79863357543945|#Level:Host|#hostname:JesperPC,timestamp:1642417129
2022-01-17T11:58:49,054 - DiskUsage.Gigabytes:9.368228912353516|#Level:Host|#hostname:JesperPC,timestamp:1642417129
2022-01-17T11:58:49,055 - DiskUtilization.Percent:3.9|#Level:Host|#hostname:JesperPC,timestamp:1642417129
2022-01-17T11:58:49,056 - MemoryAvailable.Megabytes:4619.66796875|#Level:Host|#hostname:JesperPC,timestamp:1642417129
2022-01-17T11:58:49,056 - MemoryUsed.Megabytes:1202.125|#Level:Host|#hostname:JesperPC,timestamp:1642417129
2022-01-17T11:58:49,057 - MemoryUtilization.Percent:24.1|#Level:Host|#hostname:JesperPC,timestamp:1642417129
2022-01-17T11:59:49,034 - CPUUtilization.Percent:0.0|#Level:Host|#hostname:JesperPC,timestamp:1642417189
2022-01-17T11:59:49,035 - DiskAvailable.Gigabytes:228.79862594604492|#Level:Host|#hostname:JesperPC,timestamp:1642417189
2022-01-17T11:59:49,036 - DiskUsage.Gigabytes:9.368236541748047|#Level:Host|#hostname:JesperPC,timestamp:1642417189
2022-01-17T11:59:49,036 - DiskUtilization.Percent:3.9|#Level:Host|#hostname:JesperPC,timestamp:1642417189
2022-01-17T11:59:49,036 - MemoryAvailable.Megabytes:4611.51953125|#Level:Host|#hostname:JesperPC,timestamp:1642417189
2022-01-17T11:59:49,037 - MemoryUsed.Megabytes:1210.27734375|#Level:Host|#hostname:JesperPC,timestamp:1642417189
2022-01-17T11:59:49,037 - MemoryUtilization.Percent:24.3|#Level:Host|#hostname:JesperPC,timestamp:1642417189
2022-01-17T12:00:49,072 - CPUUtilization.Percent:0.0|#Level:Host|#hostname:JesperPC,timestamp:1642417249
2022-01-17T12:00:49,073 - DiskAvailable.Gigabytes:228.79861068725586|#Level:Host|#hostname:JesperPC,timestamp:1642417249
2022-01-17T12:00:49,074 - DiskUsage.Gigabytes:9.36825180053711|#Level:Host|#hostname:JesperPC,timestamp:1642417249
2022-01-17T12:00:49,074 - DiskUtilization.Percent:3.9|#Level:Host|#hostname:JesperPC,timestamp:1642417249
2022-01-17T12:00:49,075 - MemoryAvailable.Megabytes:4606.9921875|#Level:Host|#hostname:JesperPC,timestamp:1642417249
2022-01-17T12:00:49,077 - MemoryUsed.Megabytes:1214.8046875|#Level:Host|#hostname:JesperPC,timestamp:1642417249
2022-01-17T12:00:49,078 - MemoryUtilization.Percent:24.3|#Level:Host|#hostname:JesperPC,timestamp:1642417249
2022-01-17T12:01:49,145 - CPUUtilization.Percent:100.0|#Level:Host|#hostname:JesperPC,timestamp:1642417309
2022-01-17T12:01:49,146 - DiskAvailable.Gigabytes:228.7986068725586|#Level:Host|#hostname:JesperPC,timestamp:1642417309
2022-01-17T12:01:49,146 - DiskUsage.Gigabytes:9.368255615234375|#Level:Host|#hostname:JesperPC,timestamp:1642417309
2022-01-17T12:01:49,147 - DiskUtilization.Percent:3.9|#Level:Host|#hostname:JesperPC,timestamp:1642417309
2022-01-17T12:01:49,147 - MemoryAvailable.Megabytes:4591.9765625|#Level:Host|#hostname:JesperPC,timestamp:1642417309
2022-01-17T12:01:49,147 - MemoryUsed.Megabytes:1229.8125|#Level:Host|#hostname:JesperPC,timestamp:1642417309
2022-01-17T12:01:49,147 - MemoryUtilization.Percent:24.6|#Level:Host|#hostname:JesperPC,timestamp:1642417309
2022-01-17T12:02:49,060 - CPUUtilization.Percent:0.0|#Level:Host|#hostname:JesperPC,timestamp:1642417369
2022-01-17T12:02:49,063 - DiskAvailable.Gigabytes:228.79859924316406|#Level:Host|#hostname:JesperPC,timestamp:1642417369
2022-01-17T12:02:49,063 - DiskUsage.Gigabytes:9.368263244628906|#Level:Host|#hostname:JesperPC,timestamp:1642417369
2022-01-17T12:02:49,063 - DiskUtilization.Percent:3.9|#Level:Host|#hostname:JesperPC,timestamp:1642417369
2022-01-17T12:02:49,069 - MemoryAvailable.Megabytes:4591.70703125|#Level:Host|#hostname:JesperPC,timestamp:1642417369
2022-01-17T12:02:49,069 - MemoryUsed.Megabytes:1230.078125|#Level:Host|#hostname:JesperPC,timestamp:1642417369
2022-01-17T12:02:49,070 - MemoryUtilization.Percent:24.6|#Level:Host|#hostname:JesperPC,timestamp:1642417369
2022-01-17T12:03:49,076 - CPUUtilization.Percent:100.0|#Level:Host|#hostname:JesperPC,timestamp:1642417429
2022-01-17T12:03:49,076 - DiskAvailable.Gigabytes:228.79858779907227|#Level:Host|#hostname:JesperPC,timestamp:1642417429
2022-01-17T12:03:49,077 - DiskUsage.Gigabytes:9.368274688720703|#Level:Host|#hostname:JesperPC,timestamp:1642417429
2022-01-17T12:03:49,077 - DiskUtilization.Percent:3.9|#Level:Host|#hostname:JesperPC,timestamp:1642417429
2022-01-17T12:03:49,077 - MemoryAvailable.Megabytes:4584.328125|#Level:Host|#hostname:JesperPC,timestamp:1642417429
2022-01-17T12:03:49,077 - MemoryUsed.Megabytes:1237.44921875|#Level:Host|#hostname:JesperPC,timestamp:1642417429
2022-01-17T12:03:49,077 - MemoryUtilization.Percent:24.7|#Level:Host|#hostname:JesperPC,timestamp:1642417429
2022-01-17T12:04:49,087 - CPUUtilization.Percent:0.0|#Level:Host|#hostname:JesperPC,timestamp:1642417489
2022-01-17T12:04:49,098 - DiskAvailable.Gigabytes:228.79857635498047|#Level:Host|#hostname:JesperPC,timestamp:1642417489
2022-01-17T12:04:49,098 - DiskUsage.Gigabytes:9.3682861328125|#Level:Host|#hostname:JesperPC,timestamp:1642417489
2022-01-17T12:04:49,099 - DiskUtilization.Percent:3.9|#Level:Host|#hostname:JesperPC,timestamp:1642417489
2022-01-17T12:04:49,099 - MemoryAvailable.Megabytes:4586.80859375|#Level:Host|#hostname:JesperPC,timestamp:1642417489
2022-01-17T12:04:49,099 - MemoryUsed.Megabytes:1234.9921875|#Level:Host|#hostname:JesperPC,timestamp:1642417489
2022-01-17T12:04:49,099 - MemoryUtilization.Percent:24.7|#Level:Host|#hostname:JesperPC,timestamp:1642417489
2022-01-17T12:05:49,039 - CPUUtilization.Percent:0.0|#Level:Host|#hostname:JesperPC,timestamp:1642417549
2022-01-17T12:05:49,040 - DiskAvailable.Gigabytes:228.79856872558594|#Level:Host|#hostname:JesperPC,timestamp:1642417549
2022-01-17T12:05:49,040 - DiskUsage.Gigabytes:9.368293762207031|#Level:Host|#hostname:JesperPC,timestamp:1642417549
2022-01-17T12:05:49,041 - DiskUtilization.Percent:3.9|#Level:Host|#hostname:JesperPC,timestamp:1642417549
2022-01-17T12:05:49,041 - MemoryAvailable.Megabytes:4585.17578125|#Level:Host|#hostname:JesperPC,timestamp:1642417549
2022-01-17T12:05:49,042 - MemoryUsed.Megabytes:1236.6171875|#Level:Host|#hostname:JesperPC,timestamp:1642417549
2022-01-17T12:05:49,042 - MemoryUtilization.Percent:24.7|#Level:Host|#hostname:JesperPC,timestamp:1642417549
2022-01-17T12:06:49,030 - CPUUtilization.Percent:0.0|#Level:Host|#hostname:JesperPC,timestamp:1642417609
2022-01-17T12:06:49,030 - DiskAvailable.Gigabytes:228.7985610961914|#Level:Host|#hostname:JesperPC,timestamp:1642417609
2022-01-17T12:06:49,031 - DiskUsage.Gigabytes:9.368301391601562|#Level:Host|#hostname:JesperPC,timestamp:1642417609
2022-01-17T12:06:49,031 - DiskUtilization.Percent:3.9|#Level:Host|#hostname:JesperPC,timestamp:1642417609
2022-01-17T12:06:49,031 - MemoryAvailable.Megabytes:4584.921875|#Level:Host|#hostname:JesperPC,timestamp:1642417609
2022-01-17T12:06:49,031 - MemoryUsed.Megabytes:1236.87109375|#Level:Host|#hostname:JesperPC,timestamp:1642417609
2022-01-17T12:06:49,032 - MemoryUtilization.Percent:24.7|#Level:Host|#hostname:JesperPC,timestamp:1642417609
2022-01-17T12:07:49,039 - CPUUtilization.Percent:0.0|#Level:Host|#hostname:JesperPC,timestamp:1642417669
2022-01-17T12:07:49,040 - DiskAvailable.Gigabytes:228.79855728149414|#Level:Host|#hostname:JesperPC,timestamp:1642417669
2022-01-17T12:07:49,041 - DiskUsage.Gigabytes:9.368305206298828|#Level:Host|#hostname:JesperPC,timestamp:1642417669
2022-01-17T12:07:49,041 - DiskUtilization.Percent:3.9|#Level:Host|#hostname:JesperPC,timestamp:1642417669
2022-01-17T12:07:49,042 - MemoryAvailable.Megabytes:4592.20703125|#Level:Host|#hostname:JesperPC,timestamp:1642417669
2022-01-17T12:07:49,042 - MemoryUsed.Megabytes:1229.578125|#Level:Host|#hostname:JesperPC,timestamp:1642417669
2022-01-17T12:07:49,042 - MemoryUtilization.Percent:24.6|#Level:Host|#hostname:JesperPC,timestamp:1642417669
2022-01-17T12:08:49,041 - CPUUtilization.Percent:0.0|#Level:Host|#hostname:JesperPC,timestamp:1642417729
2022-01-17T12:08:49,042 - DiskAvailable.Gigabytes:228.7985382080078|#Level:Host|#hostname:JesperPC,timestamp:1642417729
2022-01-17T12:08:49,042 - DiskUsage.Gigabytes:9.368324279785156|#Level:Host|#hostname:JesperPC,timestamp:1642417729
2022-01-17T12:08:49,042 - DiskUtilization.Percent:3.9|#Level:Host|#hostname:JesperPC,timestamp:1642417729
2022-01-17T12:08:49,043 - MemoryAvailable.Megabytes:4592.68359375|#Level:Host|#hostname:JesperPC,timestamp:1642417729
2022-01-17T12:08:49,043 - MemoryUsed.Megabytes:1229.09765625|#Level:Host|#hostname:JesperPC,timestamp:1642417729
2022-01-17T12:08:49,043 - MemoryUtilization.Percent:24.6|#Level:Host|#hostname:JesperPC,timestamp:1642417729
2022-01-17T12:09:49,034 - CPUUtilization.Percent:0.0|#Level:Host|#hostname:JesperPC,timestamp:1642417789
2022-01-17T12:09:49,035 - DiskAvailable.Gigabytes:228.79852676391602|#Level:Host|#hostname:JesperPC,timestamp:1642417789
2022-01-17T12:09:49,035 - DiskUsage.Gigabytes:9.368335723876953|#Level:Host|#hostname:JesperPC,timestamp:1642417789
2022-01-17T12:09:49,036 - DiskUtilization.Percent:3.9|#Level:Host|#hostname:JesperPC,timestamp:1642417789
2022-01-17T12:09:49,036 - MemoryAvailable.Megabytes:4591.03515625|#Level:Host|#hostname:JesperPC,timestamp:1642417789
2022-01-17T12:09:49,036 - MemoryUsed.Megabytes:1230.74609375|#Level:Host|#hostname:JesperPC,timestamp:1642417789
2022-01-17T12:09:49,036 - MemoryUtilization.Percent:24.6|#Level:Host|#hostname:JesperPC,timestamp:1642417789
2022-01-17T12:10:49,060 - CPUUtilization.Percent:0.0|#Level:Host|#hostname:JesperPC,timestamp:1642417849
2022-01-17T12:10:49,061 - DiskAvailable.Gigabytes:228.79851913452148|#Level:Host|#hostname:JesperPC,timestamp:1642417849
2022-01-17T12:10:49,061 - DiskUsage.Gigabytes:9.368343353271484|#Level:Host|#hostname:JesperPC,timestamp:1642417849
2022-01-17T12:10:49,061 - DiskUtilization.Percent:3.9|#Level:Host|#hostname:JesperPC,timestamp:1642417849
2022-01-17T12:10:49,062 - MemoryAvailable.Megabytes:4589.4296875|#Level:Host|#hostname:JesperPC,timestamp:1642417849
2022-01-17T12:10:49,062 - MemoryUsed.Megabytes:1232.35546875|#Level:Host|#hostname:JesperPC,timestamp:1642417849
2022-01-17T12:10:49,062 - MemoryUtilization.Percent:24.6|#Level:Host|#hostname:JesperPC,timestamp:1642417849
2022-01-17T12:11:49,060 - CPUUtilization.Percent:0.0|#Level:Host|#hostname:JesperPC,timestamp:1642417909
2022-01-17T12:11:49,060 - DiskAvailable.Gigabytes:228.79851150512695|#Level:Host|#hostname:JesperPC,timestamp:1642417909
2022-01-17T12:11:49,061 - DiskUsage.Gigabytes:9.368350982666016|#Level:Host|#hostname:JesperPC,timestamp:1642417909
2022-01-17T12:11:49,061 - DiskUtilization.Percent:3.9|#Level:Host|#hostname:JesperPC,timestamp:1642417909
2022-01-17T12:11:49,061 - MemoryAvailable.Megabytes:4587.75|#Level:Host|#hostname:JesperPC,timestamp:1642417909
2022-01-17T12:11:49,062 - MemoryUsed.Megabytes:1234.04296875|#Level:Host|#hostname:JesperPC,timestamp:1642417909
2022-01-17T12:11:49,062 - MemoryUtilization.Percent:24.7|#Level:Host|#hostname:JesperPC,timestamp:1642417909
2022-01-17T12:12:49,057 - CPUUtilization.Percent:0.0|#Level:Host|#hostname:JesperPC,timestamp:1642417969
2022-01-17T12:12:49,058 - DiskAvailable.Gigabytes:228.79850006103516|#Level:Host|#hostname:JesperPC,timestamp:1642417969
2022-01-17T12:12:49,058 - DiskUsage.Gigabytes:9.368362426757812|#Level:Host|#hostname:JesperPC,timestamp:1642417969
2022-01-17T12:12:49,059 - DiskUtilization.Percent:3.9|#Level:Host|#hostname:JesperPC,timestamp:1642417969
2022-01-17T12:12:49,059 - MemoryAvailable.Megabytes:4584.82421875|#Level:Host|#hostname:JesperPC,timestamp:1642417969
2022-01-17T12:12:49,060 - MemoryUsed.Megabytes:1236.96875|#Level:Host|#hostname:JesperPC,timestamp:1642417969
2022-01-17T12:12:49,060 - MemoryUtilization.Percent:24.7|#Level:Host|#hostname:JesperPC,timestamp:1642417969
2022-01-17T12:13:49,048 - CPUUtilization.Percent:0.0|#Level:Host|#hostname:JesperPC,timestamp:1642418029
2022-01-17T12:13:49,048 - DiskAvailable.Gigabytes:228.79848861694336|#Level:Host|#hostname:JesperPC,timestamp:1642418029
2022-01-17T12:13:49,049 - DiskUsage.Gigabytes:9.36837387084961|#Level:Host|#hostname:JesperPC,timestamp:1642418029
2022-01-17T12:13:49,049 - DiskUtilization.Percent:3.9|#Level:Host|#hostname:JesperPC,timestamp:1642418029
2022-01-17T12:13:49,049 - MemoryAvailable.Megabytes:4581.1171875|#Level:Host|#hostname:JesperPC,timestamp:1642418029
2022-01-17T12:13:49,049 - MemoryUsed.Megabytes:1240.6640625|#Level:Host|#hostname:JesperPC,timestamp:1642418029
2022-01-17T12:13:49,050 - MemoryUtilization.Percent:24.8|#Level:Host|#hostname:JesperPC,timestamp:1642418029
2022-01-17T12:14:49,064 - CPUUtilization.Percent:0.0|#Level:Host|#hostname:JesperPC,timestamp:1642418089
2022-01-17T12:14:49,065 - DiskAvailable.Gigabytes:228.79848098754883|#Level:Host|#hostname:JesperPC,timestamp:1642418089
2022-01-17T12:14:49,066 - DiskUsage.Gigabytes:9.36838150024414|#Level:Host|#hostname:JesperPC,timestamp:1642418089
2022-01-17T12:14:49,066 - DiskUtilization.Percent:3.9|#Level:Host|#hostname:JesperPC,timestamp:1642418089
2022-01-17T12:14:49,067 - MemoryAvailable.Megabytes:4579.171875|#Level:Host|#hostname:JesperPC,timestamp:1642418089
2022-01-17T12:14:49,067 - MemoryUsed.Megabytes:1242.61328125|#Level:Host|#hostname:JesperPC,timestamp:1642418089
2022-01-17T12:14:49,068 - MemoryUtilization.Percent:24.8|#Level:Host|#hostname:JesperPC,timestamp:1642418089
2022-01-17T12:15:49,068 - CPUUtilization.Percent:0.0|#Level:Host|#hostname:JesperPC,timestamp:1642418149
2022-01-17T12:15:49,069 - DiskAvailable.Gigabytes:228.7984733581543|#Level:Host|#hostname:JesperPC,timestamp:1642418149
2022-01-17T12:15:49,070 - DiskUsage.Gigabytes:9.368389129638672|#Level:Host|#hostname:JesperPC,timestamp:1642418149
2022-01-17T12:15:49,070 - DiskUtilization.Percent:3.9|#Level:Host|#hostname:JesperPC,timestamp:1642418149
2022-01-17T12:15:49,070 - MemoryAvailable.Megabytes:4578.2421875|#Level:Host|#hostname:JesperPC,timestamp:1642418149
2022-01-17T12:15:49,071 - MemoryUsed.Megabytes:1243.55078125|#Level:Host|#hostname:JesperPC,timestamp:1642418149
2022-01-17T12:15:49,071 - MemoryUtilization.Percent:24.8|#Level:Host|#hostname:JesperPC,timestamp:1642418149
2022-01-17T12:16:49,061 - CPUUtilization.Percent:0.0|#Level:Host|#hostname:JesperPC,timestamp:1642418209
2022-01-17T12:16:49,062 - DiskAvailable.Gigabytes:228.7984619140625|#Level:Host|#hostname:JesperPC,timestamp:1642418209
2022-01-17T12:16:49,062 - DiskUsage.Gigabytes:9.368400573730469|#Level:Host|#hostname:JesperPC,timestamp:1642418209
2022-01-17T12:16:49,063 - DiskUtilization.Percent:3.9|#Level:Host|#hostname:JesperPC,timestamp:1642418209
2022-01-17T12:16:49,063 - MemoryAvailable.Megabytes:4578.48828125|#Level:Host|#hostname:JesperPC,timestamp:1642418209
2022-01-17T12:16:49,064 - MemoryUsed.Megabytes:1243.3125|#Level:Host|#hostname:JesperPC,timestamp:1642418209
2022-01-17T12:16:49,064 - MemoryUtilization.Percent:24.8|#Level:Host|#hostname:JesperPC,timestamp:1642418209
2022-01-17T12:17:49,065 - CPUUtilization.Percent:100.0|#Level:Host|#hostname:JesperPC,timestamp:1642418269
2022-01-17T12:17:49,066 - DiskAvailable.Gigabytes:228.79845428466797|#Level:Host|#hostname:JesperPC,timestamp:1642418269
2022-01-17T12:17:49,066 - DiskUsage.Gigabytes:9.368408203125|#Level:Host|#hostname:JesperPC,timestamp:1642418269
2022-01-17T12:17:49,067 - DiskUtilization.Percent:3.9|#Level:Host|#hostname:JesperPC,timestamp:1642418269
2022-01-17T12:17:49,068 - MemoryAvailable.Megabytes:4575.8984375|#Level:Host|#hostname:JesperPC,timestamp:1642418269
2022-01-17T12:17:49,068 - MemoryUsed.Megabytes:1245.890625|#Level:Host|#hostname:JesperPC,timestamp:1642418269
2022-01-17T12:17:49,068 - MemoryUtilization.Percent:24.9|#Level:Host|#hostname:JesperPC,timestamp:1642418269
2022-01-17T12:18:49,062 - CPUUtilization.Percent:0.0|#Level:Host|#hostname:JesperPC,timestamp:1642418329
2022-01-17T12:18:49,063 - DiskAvailable.Gigabytes:228.79844665527344|#Level:Host|#hostname:JesperPC,timestamp:1642418329
2022-01-17T12:18:49,063 - DiskUsage.Gigabytes:9.368415832519531|#Level:Host|#hostname:JesperPC,timestamp:1642418329
2022-01-17T12:18:49,063 - DiskUtilization.Percent:3.9|#Level:Host|#hostname:JesperPC,timestamp:1642418329
2022-01-17T12:18:49,063 - MemoryAvailable.Megabytes:4579.38671875|#Level:Host|#hostname:JesperPC,timestamp:1642418329
2022-01-17T12:18:49,064 - MemoryUsed.Megabytes:1242.3984375|#Level:Host|#hostname:JesperPC,timestamp:1642418329
2022-01-17T12:18:49,064 - MemoryUtilization.Percent:24.8|#Level:Host|#hostname:JesperPC,timestamp:1642418329
2022-01-17T12:19:49,075 - CPUUtilization.Percent:0.0|#Level:Host|#hostname:JesperPC,timestamp:1642418389
2022-01-17T12:19:49,076 - DiskAvailable.Gigabytes:228.79843521118164|#Level:Host|#hostname:JesperPC,timestamp:1642418389
2022-01-17T12:19:49,076 - DiskUsage.Gigabytes:9.368427276611328|#Level:Host|#hostname:JesperPC,timestamp:1642418389
2022-01-17T12:19:49,076 - DiskUtilization.Percent:3.9|#Level:Host|#hostname:JesperPC,timestamp:1642418389
2022-01-17T12:19:49,076 - MemoryAvailable.Megabytes:4573.62890625|#Level:Host|#hostname:JesperPC,timestamp:1642418389
2022-01-17T12:19:49,076 - MemoryUsed.Megabytes:1248.1640625|#Level:Host|#hostname:JesperPC,timestamp:1642418389
2022-01-17T12:19:49,077 - MemoryUtilization.Percent:24.9|#Level:Host|#hostname:JesperPC,timestamp:1642418389
2022-01-17T12:20:49,054 - CPUUtilization.Percent:0.0|#Level:Host|#hostname:JesperPC,timestamp:1642418449
2022-01-17T12:20:49,055 - DiskAvailable.Gigabytes:228.79842376708984|#Level:Host|#hostname:JesperPC,timestamp:1642418449
2022-01-17T12:20:49,055 - DiskUsage.Gigabytes:9.368438720703125|#Level:Host|#hostname:JesperPC,timestamp:1642418449
2022-01-17T12:20:49,055 - DiskUtilization.Percent:3.9|#Level:Host|#hostname:JesperPC,timestamp:1642418449
2022-01-17T12:20:49,055 - MemoryAvailable.Megabytes:4576.6015625|#Level:Host|#hostname:JesperPC,timestamp:1642418449
2022-01-17T12:20:49,056 - MemoryUsed.Megabytes:1245.4296875|#Level:Host|#hostname:JesperPC,timestamp:1642418449
2022-01-17T12:20:49,056 - MemoryUtilization.Percent:24.8|#Level:Host|#hostname:JesperPC,timestamp:1642418449
2022-01-17T12:21:49,048 - CPUUtilization.Percent:0.0|#Level:Host|#hostname:JesperPC,timestamp:1642418509
2022-01-17T12:21:49,049 - DiskAvailable.Gigabytes:228.7984161376953|#Level:Host|#hostname:JesperPC,timestamp:1642418509
2022-01-17T12:21:49,049 - DiskUsage.Gigabytes:9.368446350097656|#Level:Host|#hostname:JesperPC,timestamp:1642418509
2022-01-17T12:21:49,050 - DiskUtilization.Percent:3.9|#Level:Host|#hostname:JesperPC,timestamp:1642418509
2022-01-17T12:21:49,050 - MemoryAvailable.Megabytes:4578.09765625|#Level:Host|#hostname:JesperPC,timestamp:1642418509
2022-01-17T12:21:49,050 - MemoryUsed.Megabytes:1243.6953125|#Level:Host|#hostname:JesperPC,timestamp:1642418509
2022-01-17T12:21:49,051 - MemoryUtilization.Percent:24.8|#Level:Host|#hostname:JesperPC,timestamp:1642418509
2022-01-17T12:22:49,069 - CPUUtilization.Percent:0.0|#Level:Host|#hostname:JesperPC,timestamp:1642418569
2022-01-17T12:22:49,070 - DiskAvailable.Gigabytes:228.79840850830078|#Level:Host|#hostname:JesperPC,timestamp:1642418569
2022-01-17T12:22:49,070 - DiskUsage.Gigabytes:9.368453979492188|#Level:Host|#hostname:JesperPC,timestamp:1642418569
2022-01-17T12:22:49,070 - DiskUtilization.Percent:3.9|#Level:Host|#hostname:JesperPC,timestamp:1642418569
2022-01-17T12:22:49,070 - MemoryAvailable.Megabytes:4575.21875|#Level:Host|#hostname:JesperPC,timestamp:1642418569
2022-01-17T12:22:49,071 - MemoryUsed.Megabytes:1246.55859375|#Level:Host|#hostname:JesperPC,timestamp:1642418569
2022-01-17T12:22:49,071 - MemoryUtilization.Percent:24.9|#Level:Host|#hostname:JesperPC,timestamp:1642418569
2022-01-17T12:23:49,053 - CPUUtilization.Percent:0.0|#Level:Host|#hostname:JesperPC,timestamp:1642418629
2022-01-17T12:23:49,054 - DiskAvailable.Gigabytes:228.79840087890625|#Level:Host|#hostname:JesperPC,timestamp:1642418629
2022-01-17T12:23:49,054 - DiskUsage.Gigabytes:9.368461608886719|#Level:Host|#hostname:JesperPC,timestamp:1642418629
2022-01-17T12:23:49,054 - DiskUtilization.Percent:3.9|#Level:Host|#hostname:JesperPC,timestamp:1642418629
2022-01-17T12:23:49,055 - MemoryAvailable.Megabytes:4575.3828125|#Level:Host|#hostname:JesperPC,timestamp:1642418629
2022-01-17T12:23:49,055 - MemoryUsed.Megabytes:1246.40234375|#Level:Host|#hostname:JesperPC,timestamp:1642418629
2022-01-17T12:23:49,055 - MemoryUtilization.Percent:24.9|#Level:Host|#hostname:JesperPC,timestamp:1642418629
2022-01-17T12:24:49,057 - CPUUtilization.Percent:0.0|#Level:Host|#hostname:JesperPC,timestamp:1642418689
2022-01-17T12:24:49,058 - DiskAvailable.Gigabytes:228.79838943481445|#Level:Host|#hostname:JesperPC,timestamp:1642418689
2022-01-17T12:24:49,058 - DiskUsage.Gigabytes:9.368473052978516|#Level:Host|#hostname:JesperPC,timestamp:1642418689
2022-01-17T12:24:49,058 - DiskUtilization.Percent:3.9|#Level:Host|#hostname:JesperPC,timestamp:1642418689
2022-01-17T12:24:49,059 - MemoryAvailable.Megabytes:4574.80078125|#Level:Host|#hostname:JesperPC,timestamp:1642418689
2022-01-17T12:24:49,059 - MemoryUsed.Megabytes:1246.9765625|#Level:Host|#hostname:JesperPC,timestamp:1642418689
2022-01-17T12:24:49,059 - MemoryUtilization.Percent:24.9|#Level:Host|#hostname:JesperPC,timestamp:1642418689
2022-01-17T12:25:49,053 - CPUUtilization.Percent:0.0|#Level:Host|#hostname:JesperPC,timestamp:1642418749
2022-01-17T12:25:49,054 - DiskAvailable.Gigabytes:228.79838180541992|#Level:Host|#hostname:JesperPC,timestamp:1642418749
2022-01-17T12:25:49,054 - DiskUsage.Gigabytes:9.368480682373047|#Level:Host|#hostname:JesperPC,timestamp:1642418749
2022-01-17T12:25:49,054 - DiskUtilization.Percent:3.9|#Level:Host|#hostname:JesperPC,timestamp:1642418749
2022-01-17T12:25:49,055 - MemoryAvailable.Megabytes:4574.18359375|#Level:Host|#hostname:JesperPC,timestamp:1642418749
2022-01-17T12:25:49,055 - MemoryUsed.Megabytes:1247.609375|#Level:Host|#hostname:JesperPC,timestamp:1642418749
2022-01-17T12:25:49,055 - MemoryUtilization.Percent:24.9|#Level:Host|#hostname:JesperPC,timestamp:1642418749
2022-01-17T12:26:49,060 - CPUUtilization.Percent:0.0|#Level:Host|#hostname:JesperPC,timestamp:1642418809
2022-01-17T12:26:49,061 - DiskAvailable.Gigabytes:228.7983741760254|#Level:Host|#hostname:JesperPC,timestamp:1642418809
2022-01-17T12:26:49,061 - DiskUsage.Gigabytes:9.368488311767578|#Level:Host|#hostname:JesperPC,timestamp:1642418809
2022-01-17T12:26:49,061 - DiskUtilization.Percent:3.9|#Level:Host|#hostname:JesperPC,timestamp:1642418809
2022-01-17T12:26:49,062 - MemoryAvailable.Megabytes:4574.78125|#Level:Host|#hostname:JesperPC,timestamp:1642418809
2022-01-17T12:26:49,062 - MemoryUsed.Megabytes:1247.00390625|#Level:Host|#hostname:JesperPC,timestamp:1642418809
2022-01-17T12:26:49,063 - MemoryUtilization.Percent:24.9|#Level:Host|#hostname:JesperPC,timestamp:1642418809
2022-01-17T12:27:49,058 - CPUUtilization.Percent:0.0|#Level:Host|#hostname:JesperPC,timestamp:1642418869
2022-01-17T12:27:49,058 - DiskAvailable.Gigabytes:228.7983627319336|#Level:Host|#hostname:JesperPC,timestamp:1642418869
2022-01-17T12:27:49,059 - DiskUsage.Gigabytes:9.368499755859375|#Level:Host|#hostname:JesperPC,timestamp:1642418869
2022-01-17T12:27:49,059 - DiskUtilization.Percent:3.9|#Level:Host|#hostname:JesperPC,timestamp:1642418869
2022-01-17T12:27:49,060 - MemoryAvailable.Megabytes:4572.53125|#Level:Host|#hostname:JesperPC,timestamp:1642418869
2022-01-17T12:27:49,060 - MemoryUsed.Megabytes:1249.26953125|#Level:Host|#hostname:JesperPC,timestamp:1642418869
2022-01-17T12:27:49,061 - MemoryUtilization.Percent:24.9|#Level:Host|#hostname:JesperPC,timestamp:1642418869
2022-01-17T12:28:49,054 - CPUUtilization.Percent:0.0|#Level:Host|#hostname:JesperPC,timestamp:1642418929
2022-01-17T12:28:49,054 - DiskAvailable.Gigabytes:228.7983512878418|#Level:Host|#hostname:JesperPC,timestamp:1642418929
2022-01-17T12:28:49,055 - DiskUsage.Gigabytes:9.368511199951172|#Level:Host|#hostname:JesperPC,timestamp:1642418929
2022-01-17T12:28:49,055 - DiskUtilization.Percent:3.9|#Level:Host|#hostname:JesperPC,timestamp:1642418929
2022-01-17T12:28:49,055 - MemoryAvailable.Megabytes:4572.26171875|#Level:Host|#hostname:JesperPC,timestamp:1642418929
2022-01-17T12:28:49,055 - MemoryUsed.Megabytes:1249.5390625|#Level:Host|#hostname:JesperPC,timestamp:1642418929
2022-01-17T12:28:49,056 - MemoryUtilization.Percent:24.9|#Level:Host|#hostname:JesperPC,timestamp:1642418929
2022-01-17T12:29:49,054 - CPUUtilization.Percent:0.0|#Level:Host|#hostname:JesperPC,timestamp:1642418989
2022-01-17T12:29:49,054 - DiskAvailable.Gigabytes:228.79834365844727|#Level:Host|#hostname:JesperPC,timestamp:1642418989
2022-01-17T12:29:49,054 - DiskUsage.Gigabytes:9.368518829345703|#Level:Host|#hostname:JesperPC,timestamp:1642418989
2022-01-17T12:29:49,054 - DiskUtilization.Percent:3.9|#Level:Host|#hostname:JesperPC,timestamp:1642418989
2022-01-17T12:29:49,055 - MemoryAvailable.Megabytes:4571.171875|#Level:Host|#hostname:JesperPC,timestamp:1642418989
2022-01-17T12:29:49,055 - MemoryUsed.Megabytes:1250.62109375|#Level:Host|#hostname:JesperPC,timestamp:1642418989
2022-01-17T12:29:49,055 - MemoryUtilization.Percent:24.9|#Level:Host|#hostname:JesperPC,timestamp:1642418989
2022-01-17T12:30:49,059 - CPUUtilization.Percent:0.0|#Level:Host|#hostname:JesperPC,timestamp:1642419049
2022-01-17T12:30:49,059 - DiskAvailable.Gigabytes:228.79833602905273|#Level:Host|#hostname:JesperPC,timestamp:1642419049
2022-01-17T12:30:49,060 - DiskUsage.Gigabytes:9.368526458740234|#Level:Host|#hostname:JesperPC,timestamp:1642419049
2022-01-17T12:30:49,060 - DiskUtilization.Percent:3.9|#Level:Host|#hostname:JesperPC,timestamp:1642419049
2022-01-17T12:30:49,060 - MemoryAvailable.Megabytes:4570.953125|#Level:Host|#hostname:JesperPC,timestamp:1642419049
2022-01-17T12:30:49,060 - MemoryUsed.Megabytes:1250.828125|#Level:Host|#hostname:JesperPC,timestamp:1642419049
2022-01-17T12:30:49,060 - MemoryUtilization.Percent:24.9|#Level:Host|#hostname:JesperPC,timestamp:1642419049
2022-01-17T12:31:49,056 - CPUUtilization.Percent:0.0|#Level:Host|#hostname:JesperPC,timestamp:1642419109
2022-01-17T12:31:49,056 - DiskAvailable.Gigabytes:228.7983283996582|#Level:Host|#hostname:JesperPC,timestamp:1642419109
2022-01-17T12:31:49,056 - DiskUsage.Gigabytes:9.368534088134766|#Level:Host|#hostname:JesperPC,timestamp:1642419109
2022-01-17T12:31:49,057 - DiskUtilization.Percent:3.9|#Level:Host|#hostname:JesperPC,timestamp:1642419109
2022-01-17T12:31:49,057 - MemoryAvailable.Megabytes:4573.3984375|#Level:Host|#hostname:JesperPC,timestamp:1642419109
2022-01-17T12:31:49,057 - MemoryUsed.Megabytes:1248.38671875|#Level:Host|#hostname:JesperPC,timestamp:1642419109
2022-01-17T12:31:49,057 - MemoryUtilization.Percent:24.9|#Level:Host|#hostname:JesperPC,timestamp:1642419109
2022-01-17T12:32:49,060 - CPUUtilization.Percent:0.0|#Level:Host|#hostname:JesperPC,timestamp:1642419169
2022-01-17T12:32:49,060 - DiskAvailable.Gigabytes:228.7983169555664|#Level:Host|#hostname:JesperPC,timestamp:1642419169
2022-01-17T12:32:49,060 - DiskUsage.Gigabytes:9.368545532226562|#Level:Host|#hostname:JesperPC,timestamp:1642419169
2022-01-17T12:32:49,060 - DiskUtilization.Percent:3.9|#Level:Host|#hostname:JesperPC,timestamp:1642419169
2022-01-17T12:32:49,061 - MemoryAvailable.Megabytes:4570.66015625|#Level:Host|#hostname:JesperPC,timestamp:1642419169
2022-01-17T12:32:49,061 - MemoryUsed.Megabytes:1251.140625|#Level:Host|#hostname:JesperPC,timestamp:1642419169
2022-01-17T12:32:49,061 - MemoryUtilization.Percent:24.9|#Level:Host|#hostname:JesperPC,timestamp:1642419169
2022-01-17T12:33:49,060 - CPUUtilization.Percent:0.0|#Level:Host|#hostname:JesperPC,timestamp:1642419229
2022-01-17T12:33:49,061 - DiskAvailable.Gigabytes:228.79830932617188|#Level:Host|#hostname:JesperPC,timestamp:1642419229
2022-01-17T12:33:49,061 - DiskUsage.Gigabytes:9.368553161621094|#Level:Host|#hostname:JesperPC,timestamp:1642419229
2022-01-17T12:33:49,061 - DiskUtilization.Percent:3.9|#Level:Host|#hostname:JesperPC,timestamp:1642419229
2022-01-17T12:33:49,062 - MemoryAvailable.Megabytes:4573.06640625|#Level:Host|#hostname:JesperPC,timestamp:1642419229
2022-01-17T12:33:49,062 - MemoryUsed.Megabytes:1248.7109375|#Level:Host|#hostname:JesperPC,timestamp:1642419229
2022-01-17T12:33:49,062 - MemoryUtilization.Percent:24.9|#Level:Host|#hostname:JesperPC,timestamp:1642419229
2022-01-17T12:34:49,065 - CPUUtilization.Percent:0.0|#Level:Host|#hostname:JesperPC,timestamp:1642419289
2022-01-17T12:34:49,065 - DiskAvailable.Gigabytes:228.79829788208008|#Level:Host|#hostname:JesperPC,timestamp:1642419289
2022-01-17T12:34:49,065 - DiskUsage.Gigabytes:9.36856460571289|#Level:Host|#hostname:JesperPC,timestamp:1642419289
2022-01-17T12:34:49,066 - DiskUtilization.Percent:3.9|#Level:Host|#hostname:JesperPC,timestamp:1642419289
2022-01-17T12:34:49,066 - MemoryAvailable.Megabytes:4576.9765625|#Level:Host|#hostname:JesperPC,timestamp:1642419289
2022-01-17T12:34:49,066 - MemoryUsed.Megabytes:1244.80859375|#Level:Host|#hostname:JesperPC,timestamp:1642419289
2022-01-17T12:34:49,066 - MemoryUtilization.Percent:24.8|#Level:Host|#hostname:JesperPC,timestamp:1642419289
2022-01-17T12:35:49,064 - CPUUtilization.Percent:0.0|#Level:Host|#hostname:JesperPC,timestamp:1642419349
2022-01-17T12:35:49,064 - DiskAvailable.Gigabytes:228.7982940673828|#Level:Host|#hostname:JesperPC,timestamp:1642419349
2022-01-17T12:35:49,064 - DiskUsage.Gigabytes:9.368568420410156|#Level:Host|#hostname:JesperPC,timestamp:1642419349
2022-01-17T12:35:49,065 - DiskUtilization.Percent:3.9|#Level:Host|#hostname:JesperPC,timestamp:1642419349
2022-01-17T12:35:49,065 - MemoryAvailable.Megabytes:4576.484375|#Level:Host|#hostname:JesperPC,timestamp:1642419349
2022-01-17T12:35:49,065 - MemoryUsed.Megabytes:1245.30078125|#Level:Host|#hostname:JesperPC,timestamp:1642419349
2022-01-17T12:35:49,066 - MemoryUtilization.Percent:24.8|#Level:Host|#hostname:JesperPC,timestamp:1642419349
2022-01-17T12:36:49,073 - CPUUtilization.Percent:0.0|#Level:Host|#hostname:JesperPC,timestamp:1642419409
2022-01-17T12:36:49,074 - DiskAvailable.Gigabytes:228.79827880859375|#Level:Host|#hostname:JesperPC,timestamp:1642419409
2022-01-17T12:36:49,074 - DiskUsage.Gigabytes:9.368583679199219|#Level:Host|#hostname:JesperPC,timestamp:1642419409
2022-01-17T12:36:49,074 - DiskUtilization.Percent:3.9|#Level:Host|#hostname:JesperPC,timestamp:1642419409
2022-01-17T12:36:49,074 - MemoryAvailable.Megabytes:4575.85546875|#Level:Host|#hostname:JesperPC,timestamp:1642419409
2022-01-17T12:36:49,075 - MemoryUsed.Megabytes:1245.921875|#Level:Host|#hostname:JesperPC,timestamp:1642419409
2022-01-17T12:36:49,075 - MemoryUtilization.Percent:24.9|#Level:Host|#hostname:JesperPC,timestamp:1642419409
2022-01-17T12:37:49,064 - CPUUtilization.Percent:0.0|#Level:Host|#hostname:JesperPC,timestamp:1642419469
2022-01-17T12:37:49,064 - DiskAvailable.Gigabytes:228.79827117919922|#Level:Host|#hostname:JesperPC,timestamp:1642419469
2022-01-17T12:37:49,065 - DiskUsage.Gigabytes:9.36859130859375|#Level:Host|#hostname:JesperPC,timestamp:1642419469
2022-01-17T12:37:49,065 - DiskUtilization.Percent:3.9|#Level:Host|#hostname:JesperPC,timestamp:1642419469
2022-01-17T12:37:49,065 - MemoryAvailable.Megabytes:4576.23828125|#Level:Host|#hostname:JesperPC,timestamp:1642419469
2022-01-17T12:37:49,066 - MemoryUsed.Megabytes:1245.546875|#Level:Host|#hostname:JesperPC,timestamp:1642419469
2022-01-17T12:37:49,066 - MemoryUtilization.Percent:24.8|#Level:Host|#hostname:JesperPC,timestamp:1642419469
2022-01-17T12:38:49,062 - CPUUtilization.Percent:0.0|#Level:Host|#hostname:JesperPC,timestamp:1642419529
2022-01-17T12:38:49,062 - DiskAvailable.Gigabytes:228.79825973510742|#Level:Host|#hostname:JesperPC,timestamp:1642419529
2022-01-17T12:38:49,063 - DiskUsage.Gigabytes:9.368602752685547|#Level:Host|#hostname:JesperPC,timestamp:1642419529
2022-01-17T12:38:49,063 - DiskUtilization.Percent:3.9|#Level:Host|#hostname:JesperPC,timestamp:1642419529
2022-01-17T12:38:49,063 - MemoryAvailable.Megabytes:4505.39453125|#Level:Host|#hostname:JesperPC,timestamp:1642419529
2022-01-17T12:38:49,063 - MemoryUsed.Megabytes:1316.3046875|#Level:Host|#hostname:JesperPC,timestamp:1642419529
2022-01-17T12:38:49,063 - MemoryUtilization.Percent:26.0|#Level:Host|#hostname:JesperPC,timestamp:1642419529
2022-01-17T12:39:50,774 - CPUUtilization.Percent:0.0|#Level:Host|#hostname:JesperPC,timestamp:1642419590
2022-01-17T12:39:50,775 - DiskAvailable.Gigabytes:228.61826705932617|#Level:Host|#hostname:JesperPC,timestamp:1642419590
2022-01-17T12:39:50,775 - DiskUsage.Gigabytes:9.548595428466797|#Level:Host|#hostname:JesperPC,timestamp:1642419590
2022-01-17T12:39:50,775 - DiskUtilization.Percent:4.0|#Level:Host|#hostname:JesperPC,timestamp:1642419590
2022-01-17T12:39:50,775 - MemoryAvailable.Megabytes:4343.375|#Level:Host|#hostname:JesperPC,timestamp:1642419590
2022-01-17T12:39:50,775 - MemoryUsed.Megabytes:1476.25390625|#Level:Host|#hostname:JesperPC,timestamp:1642419590
2022-01-17T12:39:50,782 - MemoryUtilization.Percent:28.7|#Level:Host|#hostname:JesperPC,timestamp:1642419590
2022-01-17T12:40:51,157 - CPUUtilization.Percent:0.0|#Level:Host|#hostname:JesperPC,timestamp:1642419651
2022-01-17T12:40:51,157 - DiskAvailable.Gigabytes:228.61825561523438|#Level:Host|#hostname:JesperPC,timestamp:1642419651
2022-01-17T12:40:51,157 - DiskUsage.Gigabytes:9.548606872558594|#Level:Host|#hostname:JesperPC,timestamp:1642419651
2022-01-17T12:40:51,157 - DiskUtilization.Percent:4.0|#Level:Host|#hostname:JesperPC,timestamp:1642419651
2022-01-17T12:40:51,157 - MemoryAvailable.Megabytes:4055.765625|#Level:Host|#hostname:JesperPC,timestamp:1642419651
2022-01-17T12:40:51,157 - MemoryUsed.Megabytes:1763.8671875|#Level:Host|#hostname:JesperPC,timestamp:1642419651
2022-01-17T12:40:51,157 - MemoryUtilization.Percent:33.4|#Level:Host|#hostname:JesperPC,timestamp:1642419651
2022-01-17T12:41:54,090 - CPUUtilization.Percent:0.0|#Level:Host|#hostname:JesperPC,timestamp:1642419714
2022-01-17T12:41:54,109 - DiskAvailable.Gigabytes:228.61824798583984|#Level:Host|#hostname:JesperPC,timestamp:1642419714
2022-01-17T12:41:54,109 - DiskUsage.Gigabytes:9.548614501953125|#Level:Host|#hostname:JesperPC,timestamp:1642419714
2022-01-17T12:41:54,109 - DiskUtilization.Percent:4.0|#Level:Host|#hostname:JesperPC,timestamp:1642419714
2022-01-17T12:41:54,109 - MemoryAvailable.Megabytes:3935.06640625|#Level:Host|#hostname:JesperPC,timestamp:1642419714
2022-01-17T12:41:54,109 - MemoryUsed.Megabytes:1884.5625|#Level:Host|#hostname:JesperPC,timestamp:1642419714
2022-01-17T12:41:54,109 - MemoryUtilization.Percent:35.4|#Level:Host|#hostname:JesperPC,timestamp:1642419714
2022-01-17T12:44:09,401 - CPUUtilization.Percent:0.0|#Level:Host|#hostname:JesperPC,timestamp:1642419849
2022-01-17T12:44:09,931 - DiskAvailable.Gigabytes:228.61822509765625|#Level:Host|#hostname:JesperPC,timestamp:1642419849
2022-01-17T12:44:21,726 - DiskUsage.Gigabytes:9.548637390136719|#Level:Host|#hostname:JesperPC,timestamp:1642419849
2022-01-17T12:44:21,726 - DiskUtilization.Percent:4.0|#Level:Host|#hostname:JesperPC,timestamp:1642419849
2022-01-17T12:44:21,727 - MemoryAvailable.Megabytes:3825.0703125|#Level:Host|#hostname:JesperPC,timestamp:1642419849
2022-01-17T12:44:21,729 - MemoryUsed.Megabytes:1994.5390625|#Level:Host|#hostname:JesperPC,timestamp:1642419849
2022-01-17T12:44:21,729 - MemoryUtilization.Percent:37.2|#Level:Host|#hostname:JesperPC,timestamp:1642419849
2022-01-17T12:44:24,327 - CPUUtilization.Percent:100.0|#Level:Host|#hostname:JesperPC,timestamp:1642419864
2022-01-17T12:44:24,328 - DiskAvailable.Gigabytes:228.61821746826172|#Level:Host|#hostname:JesperPC,timestamp:1642419864
2022-01-17T12:44:24,328 - DiskUsage.Gigabytes:9.54864501953125|#Level:Host|#hostname:JesperPC,timestamp:1642419864
2022-01-17T12:44:24,365 - DiskUtilization.Percent:4.0|#Level:Host|#hostname:JesperPC,timestamp:1642419864
2022-01-17T12:44:24,366 - MemoryAvailable.Megabytes:3784.2109375|#Level:Host|#hostname:JesperPC,timestamp:1642419864
2022-01-17T12:44:24,368 - MemoryUsed.Megabytes:2035.58203125|#Level:Host|#hostname:JesperPC,timestamp:1642419864
2022-01-17T12:44:24,369 - MemoryUtilization.Percent:37.9|#Level:Host|#hostname:JesperPC,timestamp:1642419864
2022-01-17T12:44:50,391 - CPUUtilization.Percent:0.0|#Level:Host|#hostname:JesperPC,timestamp:1642419890
2022-01-17T12:44:50,391 - DiskAvailable.Gigabytes:228.6182098388672|#Level:Host|#hostname:JesperPC,timestamp:1642419890
2022-01-17T12:44:50,391 - DiskUsage.Gigabytes:9.548652648925781|#Level:Host|#hostname:JesperPC,timestamp:1642419890
2022-01-17T12:44:50,391 - DiskUtilization.Percent:4.0|#Level:Host|#hostname:JesperPC,timestamp:1642419890
2022-01-17T12:44:50,391 - MemoryAvailable.Megabytes:3754.7265625|#Level:Host|#hostname:JesperPC,timestamp:1642419890
2022-01-17T12:44:50,391 - MemoryUsed.Megabytes:2063.46484375|#Level:Host|#hostname:JesperPC,timestamp:1642419890
2022-01-17T12:44:50,391 - MemoryUtilization.Percent:38.3|#Level:Host|#hostname:JesperPC,timestamp:1642419890
2022-01-17T12:45:49,121 - CPUUtilization.Percent:0.0|#Level:Host|#hostname:JesperPC,timestamp:1642419949
2022-01-17T12:45:49,127 - DiskAvailable.Gigabytes:228.63657760620117|#Level:Host|#hostname:JesperPC,timestamp:1642419949
2022-01-17T12:45:49,128 - DiskUsage.Gigabytes:9.530284881591797|#Level:Host|#hostname:JesperPC,timestamp:1642419949
2022-01-17T12:45:49,128 - DiskUtilization.Percent:4.0|#Level:Host|#hostname:JesperPC,timestamp:1642419949
2022-01-17T12:45:49,128 - MemoryAvailable.Megabytes:3009.3125|#Level:Host|#hostname:JesperPC,timestamp:1642419949
2022-01-17T12:45:49,128 - MemoryUsed.Megabytes:2819.6484375|#Level:Host|#hostname:JesperPC,timestamp:1642419949
2022-01-17T12:45:49,129 - MemoryUtilization.Percent:50.6|#Level:Host|#hostname:JesperPC,timestamp:1642419949
2022-01-17T12:48:05,961 - CPUUtilization.Percent:0.0|#Level:Host|#hostname:JesperPC,timestamp:1642420085
2022-01-17T12:48:08,483 - DiskAvailable.Gigabytes:228.63656616210938|#Level:Host|#hostname:JesperPC,timestamp:1642420085
2022-01-17T12:48:08,483 - DiskUsage.Gigabytes:9.530296325683594|#Level:Host|#hostname:JesperPC,timestamp:1642420085
2022-01-17T12:48:08,483 - DiskUtilization.Percent:4.0|#Level:Host|#hostname:JesperPC,timestamp:1642420085
2022-01-17T12:48:08,483 - MemoryAvailable.Megabytes:1942.59765625|#Level:Host|#hostname:JesperPC,timestamp:1642420085
2022-01-17T12:48:08,483 - MemoryUsed.Megabytes:3903.58203125|#Level:Host|#hostname:JesperPC,timestamp:1642420085
2022-01-17T12:48:08,483 - MemoryUtilization.Percent:68.1|#Level:Host|#hostname:JesperPC,timestamp:1642420085
2022-01-17T12:48:08,893 - CPUUtilization.Percent:0.0|#Level:Host|#hostname:JesperPC,timestamp:1642420088
2022-01-17T12:48:08,894 - DiskAvailable.Gigabytes:228.6365623474121|#Level:Host|#hostname:JesperPC,timestamp:1642420088
2022-01-17T12:48:08,895 - DiskUsage.Gigabytes:9.53030014038086|#Level:Host|#hostname:JesperPC,timestamp:1642420088
2022-01-17T12:48:08,895 - DiskUtilization.Percent:4.0|#Level:Host|#hostname:JesperPC,timestamp:1642420088
2022-01-17T12:48:08,895 - MemoryAvailable.Megabytes:1931.6015625|#Level:Host|#hostname:JesperPC,timestamp:1642420088
2022-01-17T12:48:08,895 - MemoryUsed.Megabytes:3914.5078125|#Level:Host|#hostname:JesperPC,timestamp:1642420088
2022-01-17T12:48:08,896 - MemoryUtilization.Percent:68.3|#Level:Host|#hostname:JesperPC,timestamp:1642420088
2022-01-17T12:48:50,126 - CPUUtilization.Percent:0.0|#Level:Host|#hostname:JesperPC,timestamp:1642420129
2022-01-17T12:48:50,148 - DiskAvailable.Gigabytes:228.63655471801758|#Level:Host|#hostname:JesperPC,timestamp:1642420129
2022-01-17T12:48:50,149 - DiskUsage.Gigabytes:9.53030776977539|#Level:Host|#hostname:JesperPC,timestamp:1642420129
2022-01-17T12:48:50,149 - DiskUtilization.Percent:4.0|#Level:Host|#hostname:JesperPC,timestamp:1642420129
2022-01-17T12:48:50,149 - MemoryAvailable.Megabytes:1721.67578125|#Level:Host|#hostname:JesperPC,timestamp:1642420129
2022-01-17T12:48:50,149 - MemoryUsed.Megabytes:4126.72265625|#Level:Host|#hostname:JesperPC,timestamp:1642420129
2022-01-17T12:48:50,149 - MemoryUtilization.Percent:71.7|#Level:Host|#hostname:JesperPC,timestamp:1642420129
2022-01-17T12:50:32,534 - CPUUtilization.Percent:0.0|#Level:Host|#hostname:JesperPC,timestamp:1642420228
2022-01-17T12:50:33,748 - DiskAvailable.Gigabytes:228.63653945922852|#Level:Host|#hostname:JesperPC,timestamp:1642420228
2022-01-17T12:50:33,749 - DiskUsage.Gigabytes:9.530323028564453|#Level:Host|#hostname:JesperPC,timestamp:1642420228
2022-01-17T12:50:33,749 - DiskUtilization.Percent:4.0|#Level:Host|#hostname:JesperPC,timestamp:1642420228
2022-01-17T12:50:33,749 - MemoryAvailable.Megabytes:1569.2890625|#Level:Host|#hostname:JesperPC,timestamp:1642420228
2022-01-17T12:50:33,793 - MemoryUsed.Megabytes:4283.68359375|#Level:Host|#hostname:JesperPC,timestamp:1642420228
2022-01-17T12:50:33,794 - MemoryUtilization.Percent:74.2|#Level:Host|#hostname:JesperPC,timestamp:1642420228
2022-01-17T12:51:05,734 - CPUUtilization.Percent:0.0|#Level:Host|#hostname:JesperPC,timestamp:1642420265
2022-01-17T12:51:05,735 - DiskAvailable.Gigabytes:228.63652801513672|#Level:Host|#hostname:JesperPC,timestamp:1642420265
2022-01-17T12:51:05,736 - DiskUsage.Gigabytes:9.53033447265625|#Level:Host|#hostname:JesperPC,timestamp:1642420265
2022-01-17T12:51:05,747 - DiskUtilization.Percent:4.0|#Level:Host|#hostname:JesperPC,timestamp:1642420265
2022-01-17T12:51:05,753 - MemoryAvailable.Megabytes:1498.55859375|#Level:Host|#hostname:JesperPC,timestamp:1642420265
2022-01-17T12:51:05,754 - MemoryUsed.Megabytes:4353.44921875|#Level:Host|#hostname:JesperPC,timestamp:1642420265
2022-01-17T12:51:05,754 - MemoryUtilization.Percent:75.4|#Level:Host|#hostname:JesperPC,timestamp:1642420265
2022-01-17T12:51:57,037 - CPUUtilization.Percent:0.0|#Level:Host|#hostname:JesperPC,timestamp:1642420317
2022-01-17T12:51:57,038 - DiskAvailable.Gigabytes:228.63358306884766|#Level:Host|#hostname:JesperPC,timestamp:1642420317
2022-01-17T12:51:57,039 - DiskUsage.Gigabytes:9.533279418945312|#Level:Host|#hostname:JesperPC,timestamp:1642420317
2022-01-17T12:51:57,040 - DiskUtilization.Percent:4.0|#Level:Host|#hostname:JesperPC,timestamp:1642420317
2022-01-17T12:51:57,041 - MemoryAvailable.Megabytes:1436.3046875|#Level:Host|#hostname:JesperPC,timestamp:1642420317
2022-01-17T12:51:57,044 - MemoryUsed.Megabytes:4419.52734375|#Level:Host|#hostname:JesperPC,timestamp:1642420317
2022-01-17T12:51:57,050 - MemoryUtilization.Percent:76.4|#Level:Host|#hostname:JesperPC,timestamp:1642420317
2022-01-17T12:52:54,726 - CPUUtilization.Percent:100.0|#Level:Host|#hostname:JesperPC,timestamp:1642420374
2022-01-17T12:52:54,729 - DiskAvailable.Gigabytes:228.6172103881836|#Level:Host|#hostname:JesperPC,timestamp:1642420374
2022-01-17T12:52:54,730 - DiskUsage.Gigabytes:9.549652099609375|#Level:Host|#hostname:JesperPC,timestamp:1642420374
2022-01-17T12:52:54,732 - DiskUtilization.Percent:4.0|#Level:Host|#hostname:JesperPC,timestamp:1642420374
2022-01-17T12:52:54,734 - MemoryAvailable.Megabytes:1411.74609375|#Level:Host|#hostname:JesperPC,timestamp:1642420374
2022-01-17T12:52:54,734 - MemoryUsed.Megabytes:4444.4296875|#Level:Host|#hostname:JesperPC,timestamp:1642420374
2022-01-17T12:52:54,735 - MemoryUtilization.Percent:76.8|#Level:Host|#hostname:JesperPC,timestamp:1642420374
2022-01-17T12:54:58,394 - CPUUtilization.Percent:0.0|#Level:Host|#hostname:JesperPC,timestamp:1642420498
2022-01-17T12:54:58,401 - DiskAvailable.Gigabytes:228.59693145751953|#Level:Host|#hostname:JesperPC,timestamp:1642420498
2022-01-17T12:54:58,402 - DiskUsage.Gigabytes:9.569931030273438|#Level:Host|#hostname:JesperPC,timestamp:1642420498
2022-01-17T12:54:58,402 - DiskUtilization.Percent:4.0|#Level:Host|#hostname:JesperPC,timestamp:1642420498
2022-01-17T12:54:58,402 - MemoryAvailable.Megabytes:1346.5546875|#Level:Host|#hostname:JesperPC,timestamp:1642420498
2022-01-17T12:54:58,402 - MemoryUsed.Megabytes:4510.671875|#Level:Host|#hostname:JesperPC,timestamp:1642420498
2022-01-17T12:54:58,402 - MemoryUtilization.Percent:77.9|#Level:Host|#hostname:JesperPC,timestamp:1642420498
2022-01-17T12:55:04,004 - CPUUtilization.Percent:0.0|#Level:Host|#hostname:JesperPC,timestamp:1642420504
2022-01-17T12:55:04,005 - DiskAvailable.Gigabytes:228.59668731689453|#Level:Host|#hostname:JesperPC,timestamp:1642420504
2022-01-17T12:55:04,018 - DiskUsage.Gigabytes:9.570175170898438|#Level:Host|#hostname:JesperPC,timestamp:1642420504
2022-01-17T12:55:04,019 - DiskUtilization.Percent:4.0|#Level:Host|#hostname:JesperPC,timestamp:1642420504
2022-01-17T12:55:04,020 - MemoryAvailable.Megabytes:1320.25390625|#Level:Host|#hostname:JesperPC,timestamp:1642420504
2022-01-17T12:55:04,021 - MemoryUsed.Megabytes:4536.96484375|#Level:Host|#hostname:JesperPC,timestamp:1642420504
2022-01-17T12:55:04,022 - MemoryUtilization.Percent:78.3|#Level:Host|#hostname:JesperPC,timestamp:1642420504
2022-01-17T12:56:22,958 - CPUUtilization.Percent:0.0|#Level:Host|#hostname:JesperPC,timestamp:1642420582
2022-01-17T12:56:22,959 - DiskAvailable.Gigabytes:228.58739471435547|#Level:Host|#hostname:JesperPC,timestamp:1642420582
2022-01-17T12:56:22,959 - DiskUsage.Gigabytes:9.5794677734375|#Level:Host|#hostname:JesperPC,timestamp:1642420582
2022-01-17T12:56:22,959 - DiskUtilization.Percent:4.0|#Level:Host|#hostname:JesperPC,timestamp:1642420582
2022-01-17T12:56:22,959 - MemoryAvailable.Megabytes:1178.95703125|#Level:Host|#hostname:JesperPC,timestamp:1642420582
2022-01-17T12:56:22,959 - MemoryUsed.Megabytes:4671.95703125|#Level:Host|#hostname:JesperPC,timestamp:1642420582
2022-01-17T12:56:22,960 - MemoryUtilization.Percent:80.6|#Level:Host|#hostname:JesperPC,timestamp:1642420582
2022-01-17T12:56:50,439 - CPUUtilization.Percent:0.0|#Level:Host|#hostname:JesperPC,timestamp:1642420610
2022-01-17T12:56:50,439 - DiskAvailable.Gigabytes:228.69448471069336|#Level:Host|#hostname:JesperPC,timestamp:1642420610
2022-01-17T12:56:50,439 - DiskUsage.Gigabytes:9.47237777709961|#Level:Host|#hostname:JesperPC,timestamp:1642420610
2022-01-17T12:56:50,439 - DiskUtilization.Percent:4.0|#Level:Host|#hostname:JesperPC,timestamp:1642420610
2022-01-17T12:56:50,439 - MemoryAvailable.Megabytes:4483.38671875|#Level:Host|#hostname:JesperPC,timestamp:1642420610
2022-01-17T12:56:50,439 - MemoryUsed.Megabytes:1377.01953125|#Level:Host|#hostname:JesperPC,timestamp:1642420610
2022-01-17T12:56:50,439 - MemoryUtilization.Percent:26.4|#Level:Host|#hostname:JesperPC,timestamp:1642420610
